<?xml version="1.0" encoding="UTF-8"?>
<!-- Generated by org.testng.reporters.JUnitReportReporter -->
<testsuite skipped="0" hostname="USER-PC" name="com.Testcases.TC01" tests="1" failures="0" timestamp="17 Jul 2018 07:07:14 GMT" time="10.857" errors="0">
  <testcase name="Test_TC01" time="10.857" classname="com.Testcases.TC01"/>
</testsuite> <!-- com.Testcases.TC01 -->
